make.exe all --print-data-base --no-builtin-variables --no-builtin-rules --question
make.exe: *** No rule to make target 'all'.  Stop.

# GNU Make 4.2.1
# Built for x86_64-w64-mingw32
# Copyright (C) 1988-2016 Free Software Foundation, Inc.
# License GPLv3+: GNU GPL version 3 or later <http://gnu.org/licenses/gpl.html>
# This is free software: you are free to change and redistribute it.
# There is NO WARRANTY, to the extent permitted by law.

# Make data base, printed on Thu Aug 11 13:50:55 2022

# Variables

# 'override' directive
GNUMAKEFLAGS := 
# automatic
<D = $(patsubst %/,%,$(patsubst %\,%,$(dir $<)))
# automatic
?F = $(notdir $?)
# default
.SHELLFLAGS := -c
# environment
GATEWAY_VM_OPTIONS = D:\BaiduNetdiskDownload\ja-netfilter-all-7d\ja-netfilter-all-7d\ja-netfilter-all\vmoptions\gateway.vmoptions
# makefile
MAKEFLAGS = pqrR
# automatic
?D = $(patsubst %/,%,$(patsubst %\,%,$(dir $?)))
# environment
WEBSTORM_VM_OPTIONS = D:\BaiduNetdiskDownload\ja-netfilter-all-7d\ja-netfilter-all-7d\ja-netfilter-all\vmoptions\webstorm.vmoptions
# automatic
@D = $(patsubst %/,%,$(patsubst %\,%,$(dir $@)))
# environment
HOMEDRIVE = C:
# automatic
@F = $(notdir $@)
# automatic
^D = $(patsubst %/,%,$(patsubst %\,%,$(dir $^)))
# makefile
CURDIR := g:/C
# default
SHELL := sh.exe
# environment
APPCODE_VM_OPTIONS = D:\BaiduNetdiskDownload\ja-netfilter-all-7d\ja-netfilter-all-7d\ja-netfilter-all\vmoptions\appcode.vmoptions
# environment
WINDIR = C:\Windows
# environment
VSCODE_NLS_CONFIG = {"locale":"zh-cn","availableLanguages":{"*":"zh-cn"},"_languagePackId":"08bdb29c43b4c03defdaaecc51ad48b6.zh-cn","_translationsConfigFile":"C:\\Users\\qiushi\\AppData\\Roaming\\Code\\clp\\08bdb29c43b4c03defdaaecc51ad48b6.zh-cn\\tcf.json","_cacheRoot":"C:\\Users\\qiushi\\AppData\\Roaming\\Code\\clp\\08bdb29c43b4c03defdaaecc51ad48b6.zh-cn","_resolvedLanguagePackCoreLocation":"C:\\Users\\qiushi\\AppData\\Roaming\\Code\\clp\\08bdb29c43b4c03defdaaecc51ad48b6.zh-cn\\6d9b74a70ca9c7733b29f0456fd8195364076dda","_corruptedFile":"C:\\Users\\qiushi\\AppData\\Roaming\\Code\\clp\\08bdb29c43b4c03defdaaecc51ad48b6.zh-cn\\corrupted.info","_languagePackSupport":true}
# environment
VBOX_MSI_INSTALL_PATH = C:\Program Files\Oracle\VirtualBox\
# environment
ONEDRIVE = C:\Users\qiushi\OneDrive
# environment
PATHEXT = .COM;.EXE;.BAT;.CMD;.VBS;.VBE;.JS;.JSE;.WSF;.WSH;.MSC
# makefile
MAKEFILE_LIST := 
# environment
TMP = C:\Users\qiushi\AppData\Local\Temp
# environment
PROGRAMW6432 = C:\Program Files
# environment
PROGRAMDATA = C:\ProgramData
# environment
WEBIDE_VM_OPTIONS = D:\BaiduNetdiskDownload\ja-netfilter-all-7d\ja-netfilter-all-7d\ja-netfilter-all\vmoptions\webide.vmoptions
# environment
VSCODE_CWD = C:\Users\qiushi\AppData\Local\Programs\Microsoft VS Code
# default
MAKE_HOST := x86_64-w64-mingw32
# environment
PATH = C:\Program Files\Common Files\Oracle\Java\javapath;C:\Windows\system32;C:\Windows;C:\Windows\System32\Wbem;C:\Windows\System32\WindowsPowerShell\v1.0\;C:\Windows\System32\OpenSSH\;C:\Program Files\Java\jdk-18.0.1.1\bin;C:\Program Files\dotnet\;F:\Program Files\Git\cmd;C:\MinGW\bin;C:\Users\qiushi\AppData\Local\Microsoft\WindowsApps;C:\Users\qiushi\.dotnet\tools;C:\Users\qiushi\AppData\Local\Programs\Microsoft VS Code\bin;C:\MinGW\bin;
# environment
PHPSTORM_VM_OPTIONS = D:\BaiduNetdiskDownload\ja-netfilter-all-7d\ja-netfilter-all-7d\ja-netfilter-all\vmoptions\phpstorm.vmoptions
# environment
COMMONPROGRAMW6432 = C:\Program Files\Common Files
# environment
ZES_ENABLE_SYSMAN = 1
# environment
PROCESSOR_ARCHITECTURE = AMD64
# environment
USERPROFILE = C:\Users\qiushi
# environment
ALLUSERSPROFILE = C:\ProgramData
# environment
GOLAND_VM_OPTIONS = D:\BaiduNetdiskDownload\ja-netfilter-all-7d\ja-netfilter-all-7d\ja-netfilter-all\vmoptions\goland.vmoptions
# environment
NUMBER_OF_PROCESSORS = 4
# environment
ELECTRON_RUN_AS_NODE = 1
# environment
JETBRAINSCLIENT_VM_OPTIONS = D:\BaiduNetdiskDownload\ja-netfilter-all-7d\ja-netfilter-all-7d\ja-netfilter-all\vmoptions\jetbrainsclient.vmoptions
# default
.FEATURES := target-specific order-only second-expansion else-if shortest-stem undefine oneshell archives jobserver output-sync
# environment
IDEA_VM_OPTIONS = D:\BaiduNetdiskDownload\ja-netfilter-all-7d\ja-netfilter-all-7d\ja-netfilter-all\vmoptions\idea.vmoptions
# environment
DATASPELL_VM_OPTIONS = D:\BaiduNetdiskDownload\ja-netfilter-all-7d\ja-netfilter-all-7d\ja-netfilter-all\vmoptions\dataspell.vmoptions
# automatic
%F = $(notdir $%)
# environment
CHROME_CRASHPAD_PIPE_NAME = \\.\pipe\crashpad_8344_XBCRPHSLPNCYRAWS
# environment
COMPUTERNAME = DESKTOP-PVLEC7T
# environment
PROGRAMFILES = C:\Program Files
# default
.LOADED := 
# environment
DRIVERDATA = C:\Windows\System32\Drivers\DriverData
# environment
JETBRAINS_CLIENT_VM_OPTIONS = D:\BaiduNetdiskDownload\ja-netfilter-all-7d\ja-netfilter-all-7d\ja-netfilter-all\vmoptions\jetbrains_client.vmoptions
# environment
ORIGINAL_XDG_CURRENT_DESKTOP = undefined
# environment
USERNAME = qiushi
# environment
PUBLIC = C:\Users\Public
# environment
VSCODE_AMD_ENTRYPOINT = vs/workbench/api/node/extensionHostProcess
# environment
RIDER_VM_OPTIONS = D:\BaiduNetdiskDownload\ja-netfilter-all-7d\ja-netfilter-all-7d\ja-netfilter-all\vmoptions\rider.vmoptions
# environment
VSCODE_CODE_CACHE_PATH = C:\Users\qiushi\AppData\Roaming\Code\CachedData\6d9b74a70ca9c7733b29f0456fd8195364076dda
# environment
APPLICATION_INSIGHTS_NO_DIAGNOSTIC_CHANNEL = true
# environment
COMMONPROGRAMFILES = C:\Program Files\Common Files
# environment
LOGONSERVER = \\DESKTOP-PVLEC7T
# environment
VSCODE_HANDLES_UNCAUGHT_ERRORS = true
# environment
USERDOMAIN = DESKTOP-PVLEC7T
# environment
MAKELEVEL := 0
# default
MAKE = $(MAKE_COMMAND)
# default
MAKECMDGOALS := all
# environment
JAVA_HOME = C:\Program Files\Java\jdk-18.0.1.1
# default
MAKE_VERSION := 4.2.1
# makefile
.DEFAULT_GOAL := 
# environment
PROGRAMFILES(X86) = C:\Program Files (x86)
# automatic
%D = $(patsubst %/,%,$(patsubst %\,%,$(dir $%)))
# environment
LOCALAPPDATA = C:\Users\qiushi\AppData\Local
# environment
PSMODULEPATH = C:\Program Files\WindowsPowerShell\Modules;C:\Windows\system32\WindowsPowerShell\v1.0\Modules
# default
MAKE_COMMAND := make.exe
# default
.VARIABLES := 
# automatic
*F = $(notdir $*)
# environment
PROCESSOR_IDENTIFIER = Intel64 Family 6 Model 78 Stepping 3, GenuineIntel
# environment
OS = Windows_NT
# environment
VSCODE_IPC_HOOK = \\.\pipe\320451aee36a21515ef0100dda0e36f7-1.70.1-main-sock
# environment
HOMEPATH = \Users\qiushi
# environment
COMMONPROGRAMFILES(X86) = C:\Program Files (x86)\Common Files
# environment
PROMPT = $P$G
# environment
MFLAGS = -pqrR
# automatic
*D = $(patsubst %/,%,$(patsubst %\,%,$(dir $*)))
# environment
SYSTEMROOT = C:\Windows
# environment
RUBYMINE_VM_OPTIONS = D:\BaiduNetdiskDownload\ja-netfilter-all-7d\ja-netfilter-all-7d\ja-netfilter-all\vmoptions\rubymine.vmoptions
# automatic
+D = $(patsubst %/,%,$(patsubst %\,%,$(dir $+)))
# environment
DATAGRIP_VM_OPTIONS = D:\BaiduNetdiskDownload\ja-netfilter-all-7d\ja-netfilter-all-7d\ja-netfilter-all\vmoptions\datagrip.vmoptions
# automatic
+F = $(notdir $+)
# environment
APPDATA = C:\Users\qiushi\AppData\Roaming
# environment
TEMP = C:\Users\qiushi\AppData\Local\Temp
# environment
COMSPEC = C:\Windows\system32\cmd.exe
# environment
PYCHARM_VM_OPTIONS = D:\BaiduNetdiskDownload\ja-netfilter-all-7d\ja-netfilter-all-7d\ja-netfilter-all\vmoptions\pycharm.vmoptions
# default
MAKEFILES := 
# automatic
<F = $(notdir $<)
# environment
LC_ALL = C
# automatic
^F = $(notdir $^)
# default
SUFFIXES := 
# environment
SYSTEMDRIVE = C:
# environment
SESSIONNAME = Console
# environment
PROCESSOR_REVISION = 4e03
# default
.RECIPEPREFIX := 
# environment
CLION_VM_OPTIONS = D:\BaiduNetdiskDownload\ja-netfilter-all-7d\ja-netfilter-all-7d\ja-netfilter-all\vmoptions\clion.vmoptions
# environment
LANG = C
# environment
PROCESSOR_LEVEL = 6
# environment
VSCODE_PID = 8344
# environment
USERDOMAIN_ROAMINGPROFILE = DESKTOP-PVLEC7T
# variable set hash-table stats:
# Load=103/1024=10%, Rehash=0, Collisions=16/121=13%

# Pattern-specific Variable Values

# No pattern-specific variable values.

# Directories

# . (key g:/C, mtime 1660137899): 9 files, no impossibilities.

# 9 files, no impossibilities in 1 directories.

# Implicit Rules

# No implicit rules.

# Files

# Not a target:
all:
#  Command line target.
#  Implicit rule search has been done.
#  File does not exist.
#  File has not been updated.

# Not a target:
Makefile:
#  Implicit rule search has been done.
#  File does not exist.
#  File has been updated.
#  Failed to be updated.

# Not a target:
makefile:
#  Implicit rule search has been done.
#  File does not exist.
#  File has been updated.
#  Failed to be updated.

# Not a target:
makefile.mak:
#  Implicit rule search has been done.
#  File does not exist.
#  File has been updated.
#  Failed to be updated.

# Not a target:
.DEFAULT:
#  Implicit rule search has not been done.
#  Modification time never checked.
#  File has not been updated.

# Not a target:
GNUmakefile:
#  Implicit rule search has been done.
#  File does not exist.
#  File has been updated.
#  Failed to be updated.

# files hash-table stats:
# Load=7/1024=1%, Rehash=0, Collisions=0/16=0%
# VPATH Search Paths

# No 'vpath' search paths.

# No general ('VPATH' variable) search path.

# strcache buffers: 1 (0) / strings = 16 / storage = 138 B / avg = 8 B
# current buf: size = 8162 B / used = 138 B / count = 16 / avg = 8 B

# strcache performance: lookups = 18 / hit rate = 11%
# hash-table stats:
# Load=16/8192=0%, Rehash=0, Collisions=1/18=6%
# Finished Make data base on Thu Aug 11 13:50:55 2022

 
